15 –∞–≤–≥ 2021 - 09:16:16.349 [main] INFO  phone.shop.Application - Starting Application using Java 1.8.0_92 on DESKTOP-9MOO2TH with PID 108260 (C:\Users\BigMan\Desktop\lessons\spring boot\exercise\phone.shop\target\classes started by BigMan in C:\Users\BigMan\Desktop\lessons\spring boot\exercise\phone.shop)
15 –∞–≤–≥ 2021 - 09:16:16.697 [main] INFO  phone.shop.Application - The following profiles are active: prod
15 –∞–≤–≥ 2021 - 09:16:21.076 [main] INFO  o.s.d.r.c.RepositoryConfigurationDelegate - Bootstrapping Spring Data JPA repositories in DEFAULT mode.
15 –∞–≤–≥ 2021 - 09:16:21.441 [main] INFO  o.s.d.r.c.RepositoryConfigurationDelegate - Finished Spring Data repository scanning in 322 ms. Found 9 JPA repository interfaces.
15 –∞–≤–≥ 2021 - 09:16:22.874 [main] INFO  o.s.c.s.PostProcessorRegistrationDelegate$BeanPostProcessorChecker - Bean 'org.springframework.security.access.expression.method.DefaultMethodSecurityExpressionHandler@65e22def' of type [org.springframework.security.access.expression.method.DefaultMethodSecurityExpressionHandler] is not eligible for getting processed by all BeanPostProcessors (for example: not eligible for auto-proxying)
15 –∞–≤–≥ 2021 - 09:16:22.961 [main] INFO  o.s.c.s.PostProcessorRegistrationDelegate$BeanPostProcessorChecker - Bean 'methodSecurityMetadataSource' of type [org.springframework.security.access.method.DelegatingMethodSecurityMetadataSource] is not eligible for getting processed by all BeanPostProcessors (for example: not eligible for auto-proxying)
15 –∞–≤–≥ 2021 - 09:16:25.320 [main] INFO  o.s.b.w.e.tomcat.TomcatWebServer - Tomcat initialized with port(s): 8081 (http)
15 –∞–≤–≥ 2021 - 09:16:25.345 [main] INFO  o.a.catalina.core.StandardService - Starting service [Tomcat]
15 –∞–≤–≥ 2021 - 09:16:25.345 [main] INFO  o.a.catalina.core.StandardEngine - Starting Servlet engine: [Apache Tomcat/9.0.48]
15 –∞–≤–≥ 2021 - 09:16:25.782 [main] INFO  o.a.c.c.C.[Tomcat].[localhost].[/] - Initializing Spring embedded WebApplicationContext
15 –∞–≤–≥ 2021 - 09:16:25.785 [main] INFO  o.s.b.w.s.c.ServletWebServerApplicationContext - Root WebApplicationContext: initialization completed in 8794 ms
15 –∞–≤–≥ 2021 - 09:16:26.956 [main] INFO  o.h.jpa.internal.util.LogHelper - HHH000204: Processing PersistenceUnitInfo [name: default]
15 –∞–≤–≥ 2021 - 09:16:27.294 [main] INFO  org.hibernate.Version - HHH000412: Hibernate ORM core version 5.4.32.Final
15 –∞–≤–≥ 2021 - 09:16:27.755 [main] INFO  o.h.annotations.common.Version - HCANN000001: Hibernate Commons Annotations {5.1.2.Final}
15 –∞–≤–≥ 2021 - 09:16:28.107 [main] INFO  com.zaxxer.hikari.HikariDataSource - HikariPool-1 - Starting...
15 –∞–≤–≥ 2021 - 09:16:28.596 [main] INFO  com.zaxxer.hikari.HikariDataSource - HikariPool-1 - Start completed.
15 –∞–≤–≥ 2021 - 09:16:28.761 [main] INFO  org.hibernate.dialect.Dialect - HHH000400: Using dialect: org.hibernate.dialect.PostgreSQL10Dialect
15 –∞–≤–≥ 2021 - 09:16:32.277 [main] INFO  o.h.e.t.j.p.i.JtaPlatformInitiator - HHH000490: Using JtaPlatform implementation: [org.hibernate.engine.transaction.jta.platform.internal.NoJtaPlatform]
15 –∞–≤–≥ 2021 - 09:16:32.299 [main] INFO  o.s.o.j.LocalContainerEntityManagerFactoryBean - Initialized JPA EntityManagerFactory for persistence unit 'default'
15 –∞–≤–≥ 2021 - 09:16:34.693 [main] WARN  o.s.b.a.o.j.JpaBaseConfiguration$JpaWebConfiguration - spring.jpa.open-in-view is enabled by default. Therefore, database queries may be performed during view rendering. Explicitly configure spring.jpa.open-in-view to disable this warning
15 –∞–≤–≥ 2021 - 09:16:38.969 [main] INFO  o.s.s.web.DefaultSecurityFilterChain - Will secure any request with [org.springframework.security.web.context.request.async.WebAsyncManagerIntegrationFilter@3031d9e9, org.springframework.security.web.context.SecurityContextPersistenceFilter@654dbb78, org.springframework.security.web.header.HeaderWriterFilter@5cbebfba, org.springframework.web.filter.CorsFilter@1415f18d, org.springframework.security.web.authentication.logout.LogoutFilter@7ffb0bb4, phone.shop.config.JwtTokenFilter@48da5106, org.springframework.security.web.savedrequest.RequestCacheAwareFilter@24381e4a, org.springframework.security.web.servletapi.SecurityContextHolderAwareRequestFilter@39f3285d, org.springframework.security.web.authentication.AnonymousAuthenticationFilter@61c42e54, org.springframework.security.web.session.SessionManagementFilter@20f3291d, org.springframework.security.web.access.ExceptionTranslationFilter@58e0d1ac, org.springframework.security.web.access.intercept.FilterSecurityInterceptor@61e4a072]
15 –∞–≤–≥ 2021 - 09:16:39.910 [main] INFO  o.s.b.w.e.tomcat.TomcatWebServer - Tomcat started on port(s): 8081 (http) with context path ''
15 –∞–≤–≥ 2021 - 09:16:41.481 [main] INFO  phone.shop.Application - Started Application in 27.572 seconds (JVM running for 29.8)
15 –∞–≤–≥ 2021 - 09:17:15.195 [main] INFO  phone.shop.Application - Starting Application using Java 1.8.0_92 on DESKTOP-9MOO2TH with PID 91952 (C:\Users\BigMan\Desktop\lessons\spring boot\exercise\phone.shop\target\classes started by BigMan in C:\Users\BigMan\Desktop\lessons\spring boot\exercise\phone.shop)
15 –∞–≤–≥ 2021 - 09:17:15.264 [main] INFO  phone.shop.Application - The following profiles are active: prod
15 –∞–≤–≥ 2021 - 09:17:18.949 [main] INFO  o.s.d.r.c.RepositoryConfigurationDelegate - Bootstrapping Spring Data JPA repositories in DEFAULT mode.
15 –∞–≤–≥ 2021 - 09:17:19.296 [main] INFO  o.s.d.r.c.RepositoryConfigurationDelegate - Finished Spring Data repository scanning in 319 ms. Found 9 JPA repository interfaces.
15 –∞–≤–≥ 2021 - 09:17:20.436 [main] INFO  o.s.c.s.PostProcessorRegistrationDelegate$BeanPostProcessorChecker - Bean 'org.springframework.security.access.expression.method.DefaultMethodSecurityExpressionHandler@49f3ff41' of type [org.springframework.security.access.expression.method.DefaultMethodSecurityExpressionHandler] is not eligible for getting processed by all BeanPostProcessors (for example: not eligible for auto-proxying)
15 –∞–≤–≥ 2021 - 09:17:20.473 [main] INFO  o.s.c.s.PostProcessorRegistrationDelegate$BeanPostProcessorChecker - Bean 'methodSecurityMetadataSource' of type [org.springframework.security.access.method.DelegatingMethodSecurityMetadataSource] is not eligible for getting processed by all BeanPostProcessors (for example: not eligible for auto-proxying)
15 –∞–≤–≥ 2021 - 09:17:21.771 [main] INFO  o.s.b.w.e.tomcat.TomcatWebServer - Tomcat initialized with port(s): 8081 (http)
15 –∞–≤–≥ 2021 - 09:17:21.798 [main] INFO  o.a.catalina.core.StandardService - Starting service [Tomcat]
15 –∞–≤–≥ 2021 - 09:17:21.799 [main] INFO  o.a.catalina.core.StandardEngine - Starting Servlet engine: [Apache Tomcat/9.0.48]
15 –∞–≤–≥ 2021 - 09:17:22.053 [main] INFO  o.a.c.c.C.[Tomcat].[localhost].[/] - Initializing Spring embedded WebApplicationContext
15 –∞–≤–≥ 2021 - 09:17:22.055 [main] INFO  o.s.b.w.s.c.ServletWebServerApplicationContext - Root WebApplicationContext: initialization completed in 6261 ms
15 –∞–≤–≥ 2021 - 09:17:22.517 [main] INFO  o.h.jpa.internal.util.LogHelper - HHH000204: Processing PersistenceUnitInfo [name: default]
15 –∞–≤–≥ 2021 - 09:17:22.689 [main] INFO  org.hibernate.Version - HHH000412: Hibernate ORM core version 5.4.32.Final
15 –∞–≤–≥ 2021 - 09:17:23.175 [main] INFO  o.h.annotations.common.Version - HCANN000001: Hibernate Commons Annotations {5.1.2.Final}
15 –∞–≤–≥ 2021 - 09:17:23.569 [main] INFO  com.zaxxer.hikari.HikariDataSource - HikariPool-1 - Starting...
15 –∞–≤–≥ 2021 - 09:17:23.898 [main] INFO  com.zaxxer.hikari.HikariDataSource - HikariPool-1 - Start completed.
15 –∞–≤–≥ 2021 - 09:17:23.972 [main] INFO  org.hibernate.dialect.Dialect - HHH000400: Using dialect: org.hibernate.dialect.PostgreSQL10Dialect
15 –∞–≤–≥ 2021 - 09:17:26.302 [main] INFO  o.h.e.t.j.p.i.JtaPlatformInitiator - HHH000490: Using JtaPlatform implementation: [org.hibernate.engine.transaction.jta.platform.internal.NoJtaPlatform]
15 –∞–≤–≥ 2021 - 09:17:26.326 [main] INFO  o.s.o.j.LocalContainerEntityManagerFactoryBean - Initialized JPA EntityManagerFactory for persistence unit 'default'
15 –∞–≤–≥ 2021 - 09:17:28.256 [main] WARN  o.s.b.a.o.j.JpaBaseConfiguration$JpaWebConfiguration - spring.jpa.open-in-view is enabled by default. Therefore, database queries may be performed during view rendering. Explicitly configure spring.jpa.open-in-view to disable this warning
15 –∞–≤–≥ 2021 - 09:17:30.508 [main] INFO  o.s.s.web.DefaultSecurityFilterChain - Will secure any request with [org.springframework.security.web.context.request.async.WebAsyncManagerIntegrationFilter@7cddc50f, org.springframework.security.web.context.SecurityContextPersistenceFilter@3abd7b20, org.springframework.security.web.header.HeaderWriterFilter@1cc878e6, org.springframework.web.filter.CorsFilter@1e60890c, org.springframework.security.web.authentication.logout.LogoutFilter@578ac0be, phone.shop.config.JwtTokenFilter@64f49b3, org.springframework.security.web.savedrequest.RequestCacheAwareFilter@589a82af, org.springframework.security.web.servletapi.SecurityContextHolderAwareRequestFilter@59f5a376, org.springframework.security.web.authentication.AnonymousAuthenticationFilter@c680819, org.springframework.security.web.session.SessionManagementFilter@5ae6119b, org.springframework.security.web.access.ExceptionTranslationFilter@79e33802, org.springframework.security.web.access.intercept.FilterSecurityInterceptor@6ba516ff]
15 –∞–≤–≥ 2021 - 09:17:31.463 [main] INFO  o.s.b.w.e.tomcat.TomcatWebServer - Tomcat started on port(s): 8081 (http) with context path ''
15 –∞–≤–≥ 2021 - 09:17:32.716 [main] INFO  phone.shop.Application - Started Application in 19.08 seconds (JVM running for 21.489)
15 ‡‚„ 2021 - 09:22:36.928 [main] INFO  phone.shop.ApplicationTests - Starting ApplicationTests using Java 1.8.0_92 on DESKTOP-9MOO2TH with PID 107556 (started by BigMan in C:\Users\BigMan\Desktop\lessons\spring boot\exercise\phone.shop)
15 ‡‚„ 2021 - 09:22:36.931 [main] INFO  phone.shop.ApplicationTests - The following profiles are active: prod
15 ‡‚„ 2021 - 09:22:40.519 [main] INFO  o.s.d.r.c.RepositoryConfigurationDelegate - Bootstrapping Spring Data JPA repositories in DEFAULT mode.
15 ‡‚„ 2021 - 09:22:41.068 [main] INFO  o.s.d.r.c.RepositoryConfigurationDelegate - Finished Spring Data repository scanning in 523 ms. Found 9 JPA repository interfaces.
15 ‡‚„ 2021 - 09:22:43.455 [main] INFO  o.s.c.s.PostProcessorRegistrationDelegate$BeanPostProcessorChecker - Bean 'org.springframework.security.access.expression.method.DefaultMethodSecurityExpressionHandler@31142d58' of type [org.springframework.security.access.expression.method.DefaultMethodSecurityExpressionHandler] is not eligible for getting processed by all BeanPostProcessors (for example: not eligible for auto-proxying)
15 ‡‚„ 2021 - 09:22:43.515 [main] INFO  o.s.c.s.PostProcessorRegistrationDelegate$BeanPostProcessorChecker - Bean 'methodSecurityMetadataSource' of type [org.springframework.security.access.method.DelegatingMethodSecurityMetadataSource] is not eligible for getting processed by all BeanPostProcessors (for example: not eligible for auto-proxying)
15 ‡‚„ 2021 - 09:22:44.253 [main] INFO  o.h.jpa.internal.util.LogHelper - HHH000204: Processing PersistenceUnitInfo [name: default]
15 ‡‚„ 2021 - 09:22:44.521 [main] INFO  org.hibernate.Version - HHH000412: Hibernate ORM core version 5.4.32.Final
15 ‡‚„ 2021 - 09:22:44.863 [main] INFO  o.h.annotations.common.Version - HCANN000001: Hibernate Commons Annotations {5.1.2.Final}
15 ‡‚„ 2021 - 09:22:45.665 [main] INFO  com.zaxxer.hikari.HikariDataSource - HikariPool-1 - Starting...
15 ‡‚„ 2021 - 09:22:46.065 [main] INFO  com.zaxxer.hikari.HikariDataSource - HikariPool-1 - Start completed.
15 ‡‚„ 2021 - 09:22:46.274 [main] INFO  org.hibernate.dialect.Dialect - HHH000400: Using dialect: org.hibernate.dialect.PostgreSQL10Dialect
15 ‡‚„ 2021 - 09:22:48.852 [main] INFO  o.h.e.t.j.p.i.JtaPlatformInitiator - HHH000490: Using JtaPlatform implementation: [org.hibernate.engine.transaction.jta.platform.internal.NoJtaPlatform]
15 ‡‚„ 2021 - 09:22:48.869 [main] INFO  o.s.o.j.LocalContainerEntityManagerFactoryBean - Initialized JPA EntityManagerFactory for persistence unit 'default'
15 ‡‚„ 2021 - 09:22:50.683 [main] WARN  o.s.b.a.o.j.JpaBaseConfiguration$JpaWebConfiguration - spring.jpa.open-in-view is enabled by default. Therefore, database queries may be performed during view rendering. Explicitly configure spring.jpa.open-in-view to disable this warning
15 ‡‚„ 2021 - 09:22:55.831 [main] INFO  o.s.s.web.DefaultSecurityFilterChain - Will secure any request with [org.springframework.security.web.context.request.async.WebAsyncManagerIntegrationFilter@6d0bcf8c, org.springframework.security.web.context.SecurityContextPersistenceFilter@1e54e900, org.springframework.security.web.header.HeaderWriterFilter@5740ad76, org.springframework.web.filter.CorsFilter@a1a72d4, org.springframework.security.web.authentication.logout.LogoutFilter@1c5fd813, phone.shop.config.JwtTokenFilter@19e2db7c, org.springframework.security.web.savedrequest.RequestCacheAwareFilter@3da61af2, org.springframework.security.web.servletapi.SecurityContextHolderAwareRequestFilter@306bf4c3, org.springframework.security.web.authentication.AnonymousAuthenticationFilter@66d44581, org.springframework.security.web.session.SessionManagementFilter@457b8fc3, org.springframework.security.web.access.ExceptionTranslationFilter@43ca96a0, org.springframework.security.web.access.intercept.FilterSecurityInterceptor@5b430541]
15 ‡‚„ 2021 - 09:22:59.382 [main] INFO  phone.shop.ApplicationTests - Started ApplicationTests in 23.508 seconds (JVM running for 25.938)
15 ‡‚„ 2021 - 09:22:59.908 [SpringApplicationShutdownHook] INFO  o.s.o.j.LocalContainerEntityManagerFactoryBean - Closing JPA EntityManagerFactory for persistence unit 'default'
15 ‡‚„ 2021 - 09:22:59.925 [SpringApplicationShutdownHook] INFO  com.zaxxer.hikari.HikariDataSource - HikariPool-1 - Shutdown initiated...
15 ‡‚„ 2021 - 09:22:59.939 [SpringApplicationShutdownHook] INFO  com.zaxxer.hikari.HikariDataSource - HikariPool-1 - Shutdown completed.
15 –∞–≤–≥ 2021 - 09:28:04.014 [main] INFO  phone.shop.Application - Starting Application using Java 1.8.0_92 on DESKTOP-9MOO2TH with PID 98716 (C:\Users\BigMan\Desktop\lessons\spring boot\exercise\phone.shop\target\classes started by BigMan in C:\Users\BigMan\Desktop\lessons\spring boot\exercise\phone.shop)
15 –∞–≤–≥ 2021 - 09:28:04.022 [main] INFO  phone.shop.Application - The following profiles are active: prod
15 –∞–≤–≥ 2021 - 09:28:07.675 [main] INFO  o.s.d.r.c.RepositoryConfigurationDelegate - Bootstrapping Spring Data JPA repositories in DEFAULT mode.
15 –∞–≤–≥ 2021 - 09:28:07.974 [main] INFO  o.s.d.r.c.RepositoryConfigurationDelegate - Finished Spring Data repository scanning in 258 ms. Found 9 JPA repository interfaces.
15 –∞–≤–≥ 2021 - 09:28:08.884 [main] INFO  o.s.c.s.PostProcessorRegistrationDelegate$BeanPostProcessorChecker - Bean 'org.springframework.security.access.expression.method.DefaultMethodSecurityExpressionHandler@45e6d1e0' of type [org.springframework.security.access.expression.method.DefaultMethodSecurityExpressionHandler] is not eligible for getting processed by all BeanPostProcessors (for example: not eligible for auto-proxying)
15 –∞–≤–≥ 2021 - 09:28:08.900 [main] INFO  o.s.c.s.PostProcessorRegistrationDelegate$BeanPostProcessorChecker - Bean 'methodSecurityMetadataSource' of type [org.springframework.security.access.method.DelegatingMethodSecurityMetadataSource] is not eligible for getting processed by all BeanPostProcessors (for example: not eligible for auto-proxying)
15 –∞–≤–≥ 2021 - 09:28:10.326 [main] INFO  o.s.b.w.e.tomcat.TomcatWebServer - Tomcat initialized with port(s): 8081 (http)
15 –∞–≤–≥ 2021 - 09:28:10.342 [main] INFO  o.a.catalina.core.StandardService - Starting service [Tomcat]
15 –∞–≤–≥ 2021 - 09:28:10.342 [main] INFO  o.a.catalina.core.StandardEngine - Starting Servlet engine: [Apache Tomcat/9.0.48]
15 –∞–≤–≥ 2021 - 09:28:10.594 [main] INFO  o.a.c.c.C.[Tomcat].[localhost].[/] - Initializing Spring embedded WebApplicationContext
15 –∞–≤–≥ 2021 - 09:28:10.594 [main] INFO  o.s.b.w.s.c.ServletWebServerApplicationContext - Root WebApplicationContext: initialization completed in 6311 ms
15 –∞–≤–≥ 2021 - 09:28:11.033 [main] INFO  o.h.jpa.internal.util.LogHelper - HHH000204: Processing PersistenceUnitInfo [name: default]
15 –∞–≤–≥ 2021 - 09:28:11.189 [main] INFO  org.hibernate.Version - HHH000412: Hibernate ORM core version 5.4.32.Final
15 –∞–≤–≥ 2021 - 09:28:11.551 [main] INFO  o.h.annotations.common.Version - HCANN000001: Hibernate Commons Annotations {5.1.2.Final}
15 –∞–≤–≥ 2021 - 09:28:11.879 [main] INFO  com.zaxxer.hikari.HikariDataSource - HikariPool-1 - Starting...
15 –∞–≤–≥ 2021 - 09:28:12.113 [main] INFO  com.zaxxer.hikari.HikariDataSource - HikariPool-1 - Start completed.
15 –∞–≤–≥ 2021 - 09:28:12.176 [main] INFO  org.hibernate.dialect.Dialect - HHH000400: Using dialect: org.hibernate.dialect.PostgreSQL10Dialect
15 –∞–≤–≥ 2021 - 09:28:14.654 [main] INFO  o.h.e.t.j.p.i.JtaPlatformInitiator - HHH000490: Using JtaPlatform implementation: [org.hibernate.engine.transaction.jta.platform.internal.NoJtaPlatform]
15 –∞–≤–≥ 2021 - 09:28:14.670 [main] INFO  o.s.o.j.LocalContainerEntityManagerFactoryBean - Initialized JPA EntityManagerFactory for persistence unit 'default'
15 –∞–≤–≥ 2021 - 09:28:16.271 [main] WARN  o.s.b.a.o.j.JpaBaseConfiguration$JpaWebConfiguration - spring.jpa.open-in-view is enabled by default. Therefore, database queries may be performed during view rendering. Explicitly configure spring.jpa.open-in-view to disable this warning
15 –∞–≤–≥ 2021 - 09:28:18.228 [main] INFO  o.s.s.web.DefaultSecurityFilterChain - Will secure any request with [org.springframework.security.web.context.request.async.WebAsyncManagerIntegrationFilter@29390110, org.springframework.security.web.context.SecurityContextPersistenceFilter@4a5eb613, org.springframework.security.web.header.HeaderWriterFilter@67fda9fb, org.springframework.web.filter.CorsFilter@4b89515b, org.springframework.security.web.authentication.logout.LogoutFilter@55b5ce0f, phone.shop.config.JwtTokenFilter@103033fe, org.springframework.security.web.savedrequest.RequestCacheAwareFilter@23cfc9eb, org.springframework.security.web.servletapi.SecurityContextHolderAwareRequestFilter@7aa62a90, org.springframework.security.web.authentication.AnonymousAuthenticationFilter@496e2bdd, org.springframework.security.web.session.SessionManagementFilter@1315d910, org.springframework.security.web.access.ExceptionTranslationFilter@2a728076, org.springframework.security.web.access.intercept.FilterSecurityInterceptor@5b908c6d]
15 –∞–≤–≥ 2021 - 09:28:19.156 [main] INFO  o.s.b.w.e.tomcat.TomcatWebServer - Tomcat started on port(s): 8081 (http) with context path ''
15 –∞–≤–≥ 2021 - 09:28:20.406 [main] INFO  phone.shop.Application - Started Application in 18.225 seconds (JVM running for 20.234)
