14 –∞–≤–≥ 2021 - 20:21:13.925 [main] INFO  phone.shop.Application - Starting Application using Java 1.8.0_92 on DESKTOP-9MOO2TH with PID 91120 (C:\Users\BigMan\Desktop\lessons\spring boot\exercise\phone.shop\target\classes started by BigMan in C:\Users\BigMan\Desktop\lessons\spring boot\exercise\phone.shop)
14 –∞–≤–≥ 2021 - 20:21:13.944 [main] INFO  phone.shop.Application - The following profiles are active: prod
14 –∞–≤–≥ 2021 - 20:21:20.708 [main] INFO  o.s.d.r.c.RepositoryConfigurationDelegate - Bootstrapping Spring Data JPA repositories in DEFAULT mode.
14 –∞–≤–≥ 2021 - 20:21:21.485 [main] INFO  o.s.d.r.c.RepositoryConfigurationDelegate - Finished Spring Data repository scanning in 715 ms. Found 9 JPA repository interfaces.
14 –∞–≤–≥ 2021 - 20:21:23.857 [main] INFO  o.s.c.s.PostProcessorRegistrationDelegate$BeanPostProcessorChecker - Bean 'org.springframework.security.access.expression.method.DefaultMethodSecurityExpressionHandler@43f03c23' of type [org.springframework.security.access.expression.method.DefaultMethodSecurityExpressionHandler] is not eligible for getting processed by all BeanPostProcessors (for example: not eligible for auto-proxying)
14 –∞–≤–≥ 2021 - 20:21:24.124 [main] INFO  o.s.c.s.PostProcessorRegistrationDelegate$BeanPostProcessorChecker - Bean 'methodSecurityMetadataSource' of type [org.springframework.security.access.method.DelegatingMethodSecurityMetadataSource] is not eligible for getting processed by all BeanPostProcessors (for example: not eligible for auto-proxying)
14 –∞–≤–≥ 2021 - 20:21:28.055 [main] INFO  o.s.b.w.e.tomcat.TomcatWebServer - Tomcat initialized with port(s): 8081 (http)
14 –∞–≤–≥ 2021 - 20:21:28.119 [main] INFO  o.a.catalina.core.StandardService - Starting service [Tomcat]
14 –∞–≤–≥ 2021 - 20:21:28.123 [main] INFO  o.a.catalina.core.StandardEngine - Starting Servlet engine: [Apache Tomcat/9.0.48]
14 –∞–≤–≥ 2021 - 20:21:29.103 [main] INFO  o.a.c.c.C.[Tomcat].[localhost].[/] - Initializing Spring embedded WebApplicationContext
14 –∞–≤–≥ 2021 - 20:21:29.115 [main] INFO  o.s.b.w.s.c.ServletWebServerApplicationContext - Root WebApplicationContext: initialization completed in 14976 ms
14 –∞–≤–≥ 2021 - 20:21:30.073 [main] INFO  o.h.jpa.internal.util.LogHelper - HHH000204: Processing PersistenceUnitInfo [name: default]
14 –∞–≤–≥ 2021 - 20:21:30.351 [main] INFO  org.hibernate.Version - HHH000412: Hibernate ORM core version 5.4.32.Final
14 –∞–≤–≥ 2021 - 20:21:30.892 [main] INFO  o.h.annotations.common.Version - HCANN000001: Hibernate Commons Annotations {5.1.2.Final}
14 –∞–≤–≥ 2021 - 20:21:31.428 [main] INFO  com.zaxxer.hikari.HikariDataSource - HikariPool-1 - Starting...
14 –∞–≤–≥ 2021 - 20:21:32.367 [main] INFO  com.zaxxer.hikari.HikariDataSource - HikariPool-1 - Start completed.
14 –∞–≤–≥ 2021 - 20:21:32.652 [main] INFO  org.hibernate.dialect.Dialect - HHH000400: Using dialect: org.hibernate.dialect.PostgreSQL10Dialect
14 –∞–≤–≥ 2021 - 20:21:37.462 [main] INFO  o.h.e.t.j.p.i.JtaPlatformInitiator - HHH000490: Using JtaPlatform implementation: [org.hibernate.engine.transaction.jta.platform.internal.NoJtaPlatform]
14 –∞–≤–≥ 2021 - 20:21:37.492 [main] INFO  o.s.o.j.LocalContainerEntityManagerFactoryBean - Initialized JPA EntityManagerFactory for persistence unit 'default'
14 –∞–≤–≥ 2021 - 20:21:41.504 [main] WARN  o.s.b.a.o.j.JpaBaseConfiguration$JpaWebConfiguration - spring.jpa.open-in-view is enabled by default. Therefore, database queries may be performed during view rendering. Explicitly configure spring.jpa.open-in-view to disable this warning
14 –∞–≤–≥ 2021 - 20:21:48.910 [main] INFO  o.s.s.web.DefaultSecurityFilterChain - Will secure any request with [org.springframework.security.web.context.request.async.WebAsyncManagerIntegrationFilter@7dd92a36, org.springframework.security.web.context.SecurityContextPersistenceFilter@53630682, org.springframework.security.web.header.HeaderWriterFilter@5be8a92c, org.springframework.web.filter.CorsFilter@531ed68e, org.springframework.security.web.authentication.logout.LogoutFilter@1d2ce035, phone.shop.config.JwtTokenFilter@782ed745, org.springframework.security.web.savedrequest.RequestCacheAwareFilter@8318808, org.springframework.security.web.servletapi.SecurityContextHolderAwareRequestFilter@657e7e8, org.springframework.security.web.authentication.AnonymousAuthenticationFilter@551976c2, org.springframework.security.web.session.SessionManagementFilter@67cd1db3, org.springframework.security.web.access.ExceptionTranslationFilter@66c91224, org.springframework.security.web.access.intercept.FilterSecurityInterceptor@5d1907fb]
14 –∞–≤–≥ 2021 - 20:21:51.605 [main] INFO  o.s.b.w.e.tomcat.TomcatWebServer - Tomcat started on port(s): 8081 (http) with context path ''
14 –∞–≤–≥ 2021 - 20:21:52.393 [http-nio-8081-exec-10] INFO  o.a.c.c.C.[Tomcat].[localhost].[/] - Initializing Spring DispatcherServlet 'dispatcherServlet'
14 –∞–≤–≥ 2021 - 20:21:52.393 [http-nio-8081-exec-10] INFO  o.s.web.servlet.DispatcherServlet - Initializing Servlet 'dispatcherServlet'
14 –∞–≤–≥ 2021 - 20:21:52.422 [http-nio-8081-exec-10] INFO  o.s.web.servlet.DispatcherServlet - Completed initialization in 7 ms
14 –∞–≤–≥ 2021 - 20:21:52.660 [http-nio-8081-exec-10] INFO  phone.shop.controller.AuthController - An INFO Message
14 –∞–≤–≥ 2021 - 20:21:52.728 [http-nio-8081-exec-10] WARN  phone.shop.controller.AuthController - A WARN Message
14 –∞–≤–≥ 2021 - 20:21:52.729 [http-nio-8081-exec-10] ERROR phone.shop.controller.AuthController - An ERROR Message
14 –∞–≤–≥ 2021 - 20:21:53.528 [http-nio-8081-exec-8] INFO  phone.shop.controller.AuthController - An INFO Message
14 –∞–≤–≥ 2021 - 20:21:53.528 [http-nio-8081-exec-8] WARN  phone.shop.controller.AuthController - A WARN Message
14 –∞–≤–≥ 2021 - 20:21:53.529 [http-nio-8081-exec-8] ERROR phone.shop.controller.AuthController - An ERROR Message
14 –∞–≤–≥ 2021 - 20:21:54.842 [main] INFO  phone.shop.Application - Started Application in 43.224 seconds (JVM running for 46.471)
14 –∞–≤–≥ 2021 - 20:28:34.874 [main] INFO  phone.shop.Application - Starting Application using Java 1.8.0_92 on DESKTOP-9MOO2TH with PID 97668 (C:\Users\BigMan\Desktop\lessons\spring boot\exercise\phone.shop\target\classes started by BigMan in C:\Users\BigMan\Desktop\lessons\spring boot\exercise\phone.shop)
14 –∞–≤–≥ 2021 - 20:28:34.883 [main] INFO  phone.shop.Application - The following profiles are active: prod
14 –∞–≤–≥ 2021 - 20:28:38.556 [main] INFO  o.s.d.r.c.RepositoryConfigurationDelegate - Bootstrapping Spring Data JPA repositories in DEFAULT mode.
14 –∞–≤–≥ 2021 - 20:28:38.869 [main] INFO  o.s.d.r.c.RepositoryConfigurationDelegate - Finished Spring Data repository scanning in 289 ms. Found 9 JPA repository interfaces.
14 –∞–≤–≥ 2021 - 20:28:40.037 [main] INFO  o.s.c.s.PostProcessorRegistrationDelegate$BeanPostProcessorChecker - Bean 'org.springframework.security.access.expression.method.DefaultMethodSecurityExpressionHandler@236eccd1' of type [org.springframework.security.access.expression.method.DefaultMethodSecurityExpressionHandler] is not eligible for getting processed by all BeanPostProcessors (for example: not eligible for auto-proxying)
14 –∞–≤–≥ 2021 - 20:28:40.065 [main] INFO  o.s.c.s.PostProcessorRegistrationDelegate$BeanPostProcessorChecker - Bean 'methodSecurityMetadataSource' of type [org.springframework.security.access.method.DelegatingMethodSecurityMetadataSource] is not eligible for getting processed by all BeanPostProcessors (for example: not eligible for auto-proxying)
14 –∞–≤–≥ 2021 - 20:28:41.665 [main] INFO  o.s.b.w.e.tomcat.TomcatWebServer - Tomcat initialized with port(s): 8081 (http)
14 –∞–≤–≥ 2021 - 20:28:41.707 [main] INFO  o.a.catalina.core.StandardService - Starting service [Tomcat]
14 –∞–≤–≥ 2021 - 20:28:41.708 [main] INFO  o.a.catalina.core.StandardEngine - Starting Servlet engine: [Apache Tomcat/9.0.48]
14 –∞–≤–≥ 2021 - 20:28:41.983 [main] INFO  o.a.c.c.C.[Tomcat].[localhost].[/] - Initializing Spring embedded WebApplicationContext
14 –∞–≤–≥ 2021 - 20:28:41.985 [main] INFO  o.s.b.w.s.c.ServletWebServerApplicationContext - Root WebApplicationContext: initialization completed in 6575 ms
14 –∞–≤–≥ 2021 - 20:28:42.500 [main] INFO  o.h.jpa.internal.util.LogHelper - HHH000204: Processing PersistenceUnitInfo [name: default]
14 –∞–≤–≥ 2021 - 20:28:42.699 [main] INFO  org.hibernate.Version - HHH000412: Hibernate ORM core version 5.4.32.Final
14 –∞–≤–≥ 2021 - 20:28:43.123 [main] INFO  o.h.annotations.common.Version - HCANN000001: Hibernate Commons Annotations {5.1.2.Final}
14 –∞–≤–≥ 2021 - 20:28:43.487 [main] INFO  com.zaxxer.hikari.HikariDataSource - HikariPool-1 - Starting...
14 –∞–≤–≥ 2021 - 20:28:43.812 [main] INFO  com.zaxxer.hikari.HikariDataSource - HikariPool-1 - Start completed.
14 –∞–≤–≥ 2021 - 20:28:43.890 [main] INFO  org.hibernate.dialect.Dialect - HHH000400: Using dialect: org.hibernate.dialect.PostgreSQL10Dialect
14 –∞–≤–≥ 2021 - 20:28:46.455 [main] INFO  o.h.e.t.j.p.i.JtaPlatformInitiator - HHH000490: Using JtaPlatform implementation: [org.hibernate.engine.transaction.jta.platform.internal.NoJtaPlatform]
14 –∞–≤–≥ 2021 - 20:28:46.477 [main] INFO  o.s.o.j.LocalContainerEntityManagerFactoryBean - Initialized JPA EntityManagerFactory for persistence unit 'default'
14 –∞–≤–≥ 2021 - 20:28:48.242 [main] WARN  o.s.b.a.o.j.JpaBaseConfiguration$JpaWebConfiguration - spring.jpa.open-in-view is enabled by default. Therefore, database queries may be performed during view rendering. Explicitly configure spring.jpa.open-in-view to disable this warning
14 –∞–≤–≥ 2021 - 20:28:50.772 [main] INFO  o.s.s.web.DefaultSecurityFilterChain - Will secure any request with [org.springframework.security.web.context.request.async.WebAsyncManagerIntegrationFilter@259f0fdb, org.springframework.security.web.context.SecurityContextPersistenceFilter@1e14ed59, org.springframework.security.web.header.HeaderWriterFilter@25cef4b3, org.springframework.web.filter.CorsFilter@655d5285, org.springframework.security.web.authentication.logout.LogoutFilter@2a728076, phone.shop.config.JwtTokenFilter@f4c3e9, org.springframework.security.web.savedrequest.RequestCacheAwareFilter@2d21d12b, org.springframework.security.web.servletapi.SecurityContextHolderAwareRequestFilter@3ede428e, org.springframework.security.web.authentication.AnonymousAuthenticationFilter@36f1bd7e, org.springframework.security.web.session.SessionManagementFilter@6aa85fcf, org.springframework.security.web.access.ExceptionTranslationFilter@535adf36, org.springframework.security.web.access.intercept.FilterSecurityInterceptor@506d7fed]
14 –∞–≤–≥ 2021 - 20:28:51.797 [main] INFO  o.s.b.w.e.tomcat.TomcatWebServer - Tomcat started on port(s): 8081 (http) with context path ''
14 –∞–≤–≥ 2021 - 20:28:53.160 [main] INFO  phone.shop.Application - Started Application in 19.95 seconds (JVM running for 21.903)
14 –∞–≤–≥ 2021 - 20:29:20.871 [http-nio-8081-exec-1] INFO  o.a.c.c.C.[Tomcat].[localhost].[/] - Initializing Spring DispatcherServlet 'dispatcherServlet'
14 –∞–≤–≥ 2021 - 20:29:20.871 [http-nio-8081-exec-1] INFO  o.s.web.servlet.DispatcherServlet - Initializing Servlet 'dispatcherServlet'
14 –∞–≤–≥ 2021 - 20:29:20.874 [http-nio-8081-exec-1] INFO  o.s.web.servlet.DispatcherServlet - Completed initialization in 3 ms
14 –∞–≤–≥ 2021 - 20:29:20.969 [http-nio-8081-exec-1] INFO  phone.shop.controller.AuthController - Request for creating admin.
14 –∞–≤–≥ 2021 - 20:29:36.005 [http-nio-8081-exec-3] INFO  phone.shop.controller.AuthController - Request for creating admin.
14 –∞–≤–≥ 2021 - 20:29:36.023 [http-nio-8081-exec-3] INFO  phone.shop.controller.AuthController - Admin Already exists
14 ‡‚„ 2021 - 20:36:42.506 [main] INFO  phone.shop.ApplicationTests - Starting ApplicationTests using Java 1.8.0_92 on DESKTOP-9MOO2TH with PID 103116 (started by BigMan in C:\Users\BigMan\Desktop\lessons\spring boot\exercise\phone.shop)
14 ‡‚„ 2021 - 20:36:42.508 [main] INFO  phone.shop.ApplicationTests - The following profiles are active: prod
14 ‡‚„ 2021 - 20:36:45.548 [main] INFO  o.s.d.r.c.RepositoryConfigurationDelegate - Bootstrapping Spring Data JPA repositories in DEFAULT mode.
14 ‡‚„ 2021 - 20:36:45.892 [main] INFO  o.s.d.r.c.RepositoryConfigurationDelegate - Finished Spring Data repository scanning in 320 ms. Found 9 JPA repository interfaces.
14 ‡‚„ 2021 - 20:36:47.727 [main] INFO  o.s.c.s.PostProcessorRegistrationDelegate$BeanPostProcessorChecker - Bean 'org.springframework.security.access.expression.method.DefaultMethodSecurityExpressionHandler@1192b58e' of type [org.springframework.security.access.expression.method.DefaultMethodSecurityExpressionHandler] is not eligible for getting processed by all BeanPostProcessors (for example: not eligible for auto-proxying)
14 ‡‚„ 2021 - 20:36:47.798 [main] INFO  o.s.c.s.PostProcessorRegistrationDelegate$BeanPostProcessorChecker - Bean 'methodSecurityMetadataSource' of type [org.springframework.security.access.method.DelegatingMethodSecurityMetadataSource] is not eligible for getting processed by all BeanPostProcessors (for example: not eligible for auto-proxying)
14 ‡‚„ 2021 - 20:36:48.502 [main] INFO  o.h.jpa.internal.util.LogHelper - HHH000204: Processing PersistenceUnitInfo [name: default]
14 ‡‚„ 2021 - 20:36:48.721 [main] INFO  org.hibernate.Version - HHH000412: Hibernate ORM core version 5.4.32.Final
14 ‡‚„ 2021 - 20:36:49.140 [main] INFO  o.h.annotations.common.Version - HCANN000001: Hibernate Commons Annotations {5.1.2.Final}
14 ‡‚„ 2021 - 20:36:49.918 [main] INFO  com.zaxxer.hikari.HikariDataSource - HikariPool-1 - Starting...
14 ‡‚„ 2021 - 20:36:50.270 [main] INFO  com.zaxxer.hikari.HikariDataSource - HikariPool-1 - Start completed.
14 ‡‚„ 2021 - 20:36:50.396 [main] INFO  org.hibernate.dialect.Dialect - HHH000400: Using dialect: org.hibernate.dialect.PostgreSQL10Dialect
14 ‡‚„ 2021 - 20:36:52.960 [main] INFO  o.h.e.t.j.p.i.JtaPlatformInitiator - HHH000490: Using JtaPlatform implementation: [org.hibernate.engine.transaction.jta.platform.internal.NoJtaPlatform]
14 ‡‚„ 2021 - 20:36:52.984 [main] INFO  o.s.o.j.LocalContainerEntityManagerFactoryBean - Initialized JPA EntityManagerFactory for persistence unit 'default'
14 ‡‚„ 2021 - 20:36:54.674 [main] WARN  o.s.b.a.o.j.JpaBaseConfiguration$JpaWebConfiguration - spring.jpa.open-in-view is enabled by default. Therefore, database queries may be performed during view rendering. Explicitly configure spring.jpa.open-in-view to disable this warning
14 ‡‚„ 2021 - 20:36:59.082 [main] INFO  o.s.s.web.DefaultSecurityFilterChain - Will secure any request with [org.springframework.security.web.context.request.async.WebAsyncManagerIntegrationFilter@744f0e0b, org.springframework.security.web.context.SecurityContextPersistenceFilter@20d65767, org.springframework.security.web.header.HeaderWriterFilter@6978a32a, org.springframework.web.filter.CorsFilter@4136b193, org.springframework.security.web.authentication.logout.LogoutFilter@3da61af2, phone.shop.config.JwtTokenFilter@19e2db7c, org.springframework.security.web.savedrequest.RequestCacheAwareFilter@becb93a, org.springframework.security.web.servletapi.SecurityContextHolderAwareRequestFilter@22b3b5d0, org.springframework.security.web.authentication.AnonymousAuthenticationFilter@4af44f2a, org.springframework.security.web.session.SessionManagementFilter@141229f6, org.springframework.security.web.access.ExceptionTranslationFilter@3980b44f, org.springframework.security.web.access.intercept.FilterSecurityInterceptor@6fafbdac]
14 ‡‚„ 2021 - 20:37:02.206 [main] INFO  phone.shop.ApplicationTests - Started ApplicationTests in 20.698 seconds (JVM running for 22.946)
14 ‡‚„ 2021 - 20:37:02.487 [SpringApplicationShutdownHook] INFO  o.s.o.j.LocalContainerEntityManagerFactoryBean - Closing JPA EntityManagerFactory for persistence unit 'default'
14 ‡‚„ 2021 - 20:37:02.503 [SpringApplicationShutdownHook] INFO  com.zaxxer.hikari.HikariDataSource - HikariPool-1 - Shutdown initiated...
14 ‡‚„ 2021 - 20:37:02.542 [SpringApplicationShutdownHook] INFO  com.zaxxer.hikari.HikariDataSource - HikariPool-1 - Shutdown completed.
14 ‡‚„ 2021 - 20:40:06.070 [main] INFO  phone.shop.ApplicationTests - Starting ApplicationTests using Java 1.8.0_92 on DESKTOP-9MOO2TH with PID 96684 (started by BigMan in C:\Users\BigMan\Desktop\lessons\spring boot\exercise\phone.shop)
14 ‡‚„ 2021 - 20:40:06.073 [main] INFO  phone.shop.ApplicationTests - The following profiles are active: prod
14 ‡‚„ 2021 - 20:40:09.459 [main] INFO  o.s.d.r.c.RepositoryConfigurationDelegate - Bootstrapping Spring Data JPA repositories in DEFAULT mode.
14 ‡‚„ 2021 - 20:40:09.845 [main] INFO  o.s.d.r.c.RepositoryConfigurationDelegate - Finished Spring Data repository scanning in 366 ms. Found 9 JPA repository interfaces.
14 ‡‚„ 2021 - 20:40:11.587 [main] INFO  o.s.c.s.PostProcessorRegistrationDelegate$BeanPostProcessorChecker - Bean 'org.springframework.security.access.expression.method.DefaultMethodSecurityExpressionHandler@31142d58' of type [org.springframework.security.access.expression.method.DefaultMethodSecurityExpressionHandler] is not eligible for getting processed by all BeanPostProcessors (for example: not eligible for auto-proxying)
14 ‡‚„ 2021 - 20:40:11.657 [main] INFO  o.s.c.s.PostProcessorRegistrationDelegate$BeanPostProcessorChecker - Bean 'methodSecurityMetadataSource' of type [org.springframework.security.access.method.DelegatingMethodSecurityMetadataSource] is not eligible for getting processed by all BeanPostProcessors (for example: not eligible for auto-proxying)
14 ‡‚„ 2021 - 20:40:12.391 [main] INFO  o.h.jpa.internal.util.LogHelper - HHH000204: Processing PersistenceUnitInfo [name: default]
14 ‡‚„ 2021 - 20:40:12.622 [main] INFO  org.hibernate.Version - HHH000412: Hibernate ORM core version 5.4.32.Final
14 ‡‚„ 2021 - 20:40:13.054 [main] INFO  o.h.annotations.common.Version - HCANN000001: Hibernate Commons Annotations {5.1.2.Final}
14 ‡‚„ 2021 - 20:40:13.839 [main] INFO  com.zaxxer.hikari.HikariDataSource - HikariPool-1 - Starting...
14 ‡‚„ 2021 - 20:40:14.172 [main] INFO  com.zaxxer.hikari.HikariDataSource - HikariPool-1 - Start completed.
14 ‡‚„ 2021 - 20:40:14.306 [main] INFO  org.hibernate.dialect.Dialect - HHH000400: Using dialect: org.hibernate.dialect.PostgreSQL10Dialect
14 ‡‚„ 2021 - 20:40:16.817 [main] INFO  o.h.e.t.j.p.i.JtaPlatformInitiator - HHH000490: Using JtaPlatform implementation: [org.hibernate.engine.transaction.jta.platform.internal.NoJtaPlatform]
14 ‡‚„ 2021 - 20:40:16.840 [main] INFO  o.s.o.j.LocalContainerEntityManagerFactoryBean - Initialized JPA EntityManagerFactory for persistence unit 'default'
14 ‡‚„ 2021 - 20:40:18.773 [main] WARN  o.s.b.a.o.j.JpaBaseConfiguration$JpaWebConfiguration - spring.jpa.open-in-view is enabled by default. Therefore, database queries may be performed during view rendering. Explicitly configure spring.jpa.open-in-view to disable this warning
14 ‡‚„ 2021 - 20:40:24.730 [main] INFO  o.s.s.web.DefaultSecurityFilterChain - Will secure any request with [org.springframework.security.web.context.request.async.WebAsyncManagerIntegrationFilter@4af44f2a, org.springframework.security.web.context.SecurityContextPersistenceFilter@250e8712, org.springframework.security.web.header.HeaderWriterFilter@55665086, org.springframework.web.filter.CorsFilter@570127fa, org.springframework.security.web.authentication.logout.LogoutFilter@7852ab30, phone.shop.config.JwtTokenFilter@19e2db7c, org.springframework.security.web.savedrequest.RequestCacheAwareFilter@f60c14e, org.springframework.security.web.servletapi.SecurityContextHolderAwareRequestFilter@2b506a79, org.springframework.security.web.authentication.AnonymousAuthenticationFilter@5b324447, org.springframework.security.web.session.SessionManagementFilter@723b8eff, org.springframework.security.web.access.ExceptionTranslationFilter@237aba92, org.springframework.security.web.access.intercept.FilterSecurityInterceptor@d271d6c]
14 ‡‚„ 2021 - 20:40:28.767 [main] INFO  phone.shop.ApplicationTests - Started ApplicationTests in 23.827 seconds (JVM running for 26.277)
14 ‡‚„ 2021 - 20:40:29.128 [SpringApplicationShutdownHook] INFO  o.s.o.j.LocalContainerEntityManagerFactoryBean - Closing JPA EntityManagerFactory for persistence unit 'default'
14 ‡‚„ 2021 - 20:40:29.132 [SpringApplicationShutdownHook] INFO  com.zaxxer.hikari.HikariDataSource - HikariPool-1 - Shutdown initiated...
14 ‡‚„ 2021 - 20:40:29.149 [SpringApplicationShutdownHook] INFO  com.zaxxer.hikari.HikariDataSource - HikariPool-1 - Shutdown completed.
14 –∞–≤–≥ 2021 - 21:11:29.828 [main] INFO  phone.shop.Application - Starting Application using Java 1.8.0_92 on DESKTOP-9MOO2TH with PID 104580 (C:\Users\BigMan\Desktop\lessons\spring boot\exercise\phone.shop\target\classes started by BigMan in C:\Users\BigMan\Desktop\lessons\spring boot\exercise\phone.shop)
14 –∞–≤–≥ 2021 - 21:11:29.856 [main] INFO  phone.shop.Application - The following profiles are active: prod
14 –∞–≤–≥ 2021 - 21:11:36.173 [main] INFO  o.s.d.r.c.RepositoryConfigurationDelegate - Bootstrapping Spring Data JPA repositories in DEFAULT mode.
14 –∞–≤–≥ 2021 - 21:11:36.643 [main] INFO  o.s.d.r.c.RepositoryConfigurationDelegate - Finished Spring Data repository scanning in 419 ms. Found 9 JPA repository interfaces.
14 –∞–≤–≥ 2021 - 21:11:38.489 [main] INFO  o.s.c.s.PostProcessorRegistrationDelegate$BeanPostProcessorChecker - Bean 'org.springframework.security.access.expression.method.DefaultMethodSecurityExpressionHandler@3c952a33' of type [org.springframework.security.access.expression.method.DefaultMethodSecurityExpressionHandler] is not eligible for getting processed by all BeanPostProcessors (for example: not eligible for auto-proxying)
14 –∞–≤–≥ 2021 - 21:11:38.726 [main] INFO  o.s.c.s.PostProcessorRegistrationDelegate$BeanPostProcessorChecker - Bean 'methodSecurityMetadataSource' of type [org.springframework.security.access.method.DelegatingMethodSecurityMetadataSource] is not eligible for getting processed by all BeanPostProcessors (for example: not eligible for auto-proxying)
14 –∞–≤–≥ 2021 - 21:11:41.335 [main] INFO  o.s.b.w.e.tomcat.TomcatWebServer - Tomcat initialized with port(s): 8081 (http)
14 –∞–≤–≥ 2021 - 21:11:41.520 [main] INFO  o.a.catalina.core.StandardService - Starting service [Tomcat]
14 –∞–≤–≥ 2021 - 21:11:41.521 [main] INFO  o.a.catalina.core.StandardEngine - Starting Servlet engine: [Apache Tomcat/9.0.48]
14 –∞–≤–≥ 2021 - 21:11:42.928 [main] INFO  o.a.c.c.C.[Tomcat].[localhost].[/] - Initializing Spring embedded WebApplicationContext
14 –∞–≤–≥ 2021 - 21:11:42.929 [main] INFO  o.s.b.w.s.c.ServletWebServerApplicationContext - Root WebApplicationContext: initialization completed in 12460 ms
14 –∞–≤–≥ 2021 - 21:11:44.411 [main] INFO  o.h.jpa.internal.util.LogHelper - HHH000204: Processing PersistenceUnitInfo [name: default]
14 –∞–≤–≥ 2021 - 21:11:44.695 [main] INFO  org.hibernate.Version - HHH000412: Hibernate ORM core version 5.4.32.Final
14 –∞–≤–≥ 2021 - 21:11:45.255 [main] INFO  o.h.annotations.common.Version - HCANN000001: Hibernate Commons Annotations {5.1.2.Final}
14 –∞–≤–≥ 2021 - 21:11:45.828 [main] INFO  com.zaxxer.hikari.HikariDataSource - HikariPool-1 - Starting...
14 –∞–≤–≥ 2021 - 21:11:46.282 [main] INFO  com.zaxxer.hikari.HikariDataSource - HikariPool-1 - Start completed.
14 –∞–≤–≥ 2021 - 21:11:46.426 [main] INFO  org.hibernate.dialect.Dialect - HHH000400: Using dialect: org.hibernate.dialect.PostgreSQL10Dialect
14 –∞–≤–≥ 2021 - 21:11:50.166 [main] INFO  o.h.e.t.j.p.i.JtaPlatformInitiator - HHH000490: Using JtaPlatform implementation: [org.hibernate.engine.transaction.jta.platform.internal.NoJtaPlatform]
14 –∞–≤–≥ 2021 - 21:11:50.197 [main] INFO  o.s.o.j.LocalContainerEntityManagerFactoryBean - Initialized JPA EntityManagerFactory for persistence unit 'default'
14 –∞–≤–≥ 2021 - 21:11:53.220 [main] WARN  o.s.b.a.o.j.JpaBaseConfiguration$JpaWebConfiguration - spring.jpa.open-in-view is enabled by default. Therefore, database queries may be performed during view rendering. Explicitly configure spring.jpa.open-in-view to disable this warning
14 –∞–≤–≥ 2021 - 21:12:00.759 [main] INFO  o.s.s.web.DefaultSecurityFilterChain - Will secure any request with [org.springframework.security.web.context.request.async.WebAsyncManagerIntegrationFilter@37aec9b, org.springframework.security.web.context.SecurityContextPersistenceFilter@23974cac, org.springframework.security.web.header.HeaderWriterFilter@4f466207, org.springframework.web.filter.CorsFilter@34538ffe, org.springframework.security.web.authentication.logout.LogoutFilter@48cebb78, phone.shop.config.JwtTokenFilter@229fe7ab, org.springframework.security.web.savedrequest.RequestCacheAwareFilter@56e9126f, org.springframework.security.web.servletapi.SecurityContextHolderAwareRequestFilter@3ed3e66d, org.springframework.security.web.authentication.AnonymousAuthenticationFilter@7ae75ba6, org.springframework.security.web.session.SessionManagementFilter@3d6c7152, org.springframework.security.web.access.ExceptionTranslationFilter@14af9f51, org.springframework.security.web.access.intercept.FilterSecurityInterceptor@42fc744]
14 –∞–≤–≥ 2021 - 21:12:03.025 [main] INFO  o.s.b.w.e.tomcat.TomcatWebServer - Tomcat started on port(s): 8081 (http) with context path ''
14 –∞–≤–≥ 2021 - 21:12:05.381 [main] INFO  phone.shop.Application - Started Application in 38.03 seconds (JVM running for 41.138)
14 –∞–≤–≥ 2021 - 21:12:22.143 [http-nio-8081-exec-1] INFO  o.a.c.c.C.[Tomcat].[localhost].[/] - Initializing Spring DispatcherServlet 'dispatcherServlet'
14 –∞–≤–≥ 2021 - 21:12:22.144 [http-nio-8081-exec-1] INFO  o.s.web.servlet.DispatcherServlet - Initializing Servlet 'dispatcherServlet'
14 –∞–≤–≥ 2021 - 21:12:22.145 [http-nio-8081-exec-1] INFO  o.s.web.servlet.DispatcherServlet - Completed initialization in 1 ms
